{"/Users/chicao/Projects/personal/workshops/ddd-fundamentals/cartProblems/src/cart.ts": {"path":"/Users/chicao/Projects/personal/workshops/ddd-fundamentals/cartProblems/src/cart.ts","statementMap":{"0":{"start":{"line":8,"column":9},"end":{"line":8,"column":29}},"1":{"start":{"line":9,"column":9},"end":{"line":9,"column":32}},"2":{"start":{"line":13,"column":9},"end":{"line":13,"column":39}},"3":{"start":{"line":17,"column":25},"end":{"line":17,"column":48}},"4":{"start":{"line":18,"column":22},"end":{"line":18,"column":54}},"5":{"start":{"line":19,"column":8},"end":{"line":21,"column":null}},"6":{"start":{"line":20,"column":12},"end":{"line":20,"column":44}},"7":{"start":{"line":22,"column":9},"end":{"line":22,"column":42}},"8":{"start":{"line":26,"column":8},"end":{"line":26,"column":88}},"9":{"start":{"line":26,"column":45},"end":{"line":26,"column":83}},"10":{"start":{"line":3,"column":0},"end":{"line":3,"column":13}}},"fnMap":{"0":{"name":"(anonymous_0)","decl":{"start":{"line":7,"column":5},"end":{"line":7,"column":null}},"loc":{"start":{"line":7,"column":5},"end":{"line":10,"column":6}}},"1":{"name":"(anonymous_1)","decl":{"start":{"line":12,"column":11},"end":{"line":12,"column":14}},"loc":{"start":{"line":12,"column":32},"end":{"line":14,"column":5}}},"2":{"name":"(anonymous_2)","decl":{"start":{"line":16,"column":11},"end":{"line":16,"column":17}},"loc":{"start":{"line":16,"column":30},"end":{"line":23,"column":5}}},"3":{"name":"(anonymous_3)","decl":{"start":{"line":25,"column":12},"end":{"line":25,"column":24}},"loc":{"start":{"line":25,"column":37},"end":{"line":27,"column":5}}},"4":{"name":"(anonymous_4)","decl":{"start":{"line":26,"column":37},"end":{"line":26,"column":41}},"loc":{"start":{"line":26,"column":45},"end":{"line":26,"column":83}}}},"branchMap":{"0":{"loc":{"start":{"line":19,"column":8},"end":{"line":21,"column":null}},"type":"if","locations":[{"start":{"line":19,"column":8},"end":{"line":21,"column":null}}]}},"s":{"0":6,"1":6,"2":8,"3":3,"4":3,"5":3,"6":3,"7":3,"8":3,"9":5,"10":1},"f":{"0":6,"1":8,"2":3,"3":3,"4":5},"b":{"0":[3]}}
,"/Users/chicao/Projects/personal/workshops/ddd-fundamentals/cartProblems/src/product.ts": {"path":"/Users/chicao/Projects/personal/workshops/ddd-fundamentals/cartProblems/src/product.ts","statementMap":{"0":{"start":{"line":6,"column":8},"end":{"line":6,"column":32}},"1":{"start":{"line":1,"column":0},"end":{"line":1,"column":13}},"2":{"start":{"line":17,"column":8},"end":{"line":17,"column":31}},"3":{"start":{"line":18,"column":8},"end":{"line":18,"column":33}},"4":{"start":{"line":11,"column":0},"end":{"line":11,"column":13}}},"fnMap":{"0":{"name":"(anonymous_0)","decl":{"start":{"line":5,"column":4},"end":{"line":5,"column":16}},"loc":{"start":{"line":5,"column":28},"end":{"line":7,"column":5}}},"1":{"name":"(anonymous_1)","decl":{"start":{"line":16,"column":4},"end":{"line":16,"column":16}},"loc":{"start":{"line":16,"column":49},"end":{"line":19,"column":5}}}},"branchMap":{},"s":{"0":8,"1":1,"2":8,"3":8,"4":1},"f":{"0":8,"1":8},"b":{}}
}
