TN:
SF:src/cart.ts
FN:7,(anonymous_0)
FN:12,(anonymous_1)
FN:16,(anonymous_2)
FN:25,(anonymous_3)
FN:26,(anonymous_4)
FNF:5
FNH:5
FNDA:6,(anonymous_0)
FNDA:8,(anonymous_1)
FNDA:3,(anonymous_2)
FNDA:3,(anonymous_3)
FNDA:5,(anonymous_4)
DA:3,1
DA:8,6
DA:9,6
DA:13,8
DA:17,3
DA:18,3
DA:19,3
DA:20,3
DA:22,3
DA:26,5
LF:10
LH:10
BRDA:19,0,0,3
BRF:1
BRH:1
end_of_record
TN:
SF:src/product.ts
FN:5,(anonymous_0)
FN:16,(anonymous_1)
FNF:2
FNH:2
FNDA:8,(anonymous_0)
FNDA:8,(anonymous_1)
DA:1,1
DA:6,8
DA:11,1
DA:17,8
DA:18,8
LF:5
LH:5
BRF:0
BRH:0
end_of_record
